2025-10-26 17:39:19 Loading main app package /usr/lib/obsidian/obsidian.asar
2025-10-26 17:39:19 Checking for update using Github
2025-10-26 17:39:19 Success.
2025-10-26 17:39:19 Latest version is 1.9.14
2025-10-26 17:39:19 App is up to date.
2025-10-26 17:40:41 Loading main app package /usr/lib/obsidian/obsidian.asar
2025-10-26 17:40:41 Checking for update using Github
2025-10-26 17:40:41 Success.
2025-10-26 17:40:41 Latest version is 1.9.14
2025-10-26 17:40:41 App is up to date.
2025-10-26 17:49:59 Loading main app package /usr/lib/obsidian/obsidian.asar
2025-10-26 17:49:59 Checking for update using Github
2025-10-26 17:49:59 Success.
2025-10-26 17:49:59 Latest version is 1.9.14
2025-10-26 17:49:59 App is up to date.
2025-10-27 06:11:11 Loading main app package /usr/lib/obsidian/obsidian.asar
2025-10-27 06:11:12 Checking for update using Github
2025-10-27 06:11:12 Success.
2025-10-27 06:11:12 Latest version is 1.9.14
2025-10-27 06:11:12 App is up to date.
